This file contains any messages produced by compilers while
running configure, to aid debugging if configure makes a mistake.

It was created by authuser configure 0.1, which was
generated by GNU Autoconf 2.69.  Invocation command line was

  $ ./configure 

## --------- ##
## Platform. ##
## --------- ##

hostname = debtux
uname -m = x86_64
uname -r = 4.9.0-8-amd64
uname -s = Linux
uname -v = #1 SMP Debian 4.9.135-1 (2018-11-11)

/usr/bin/uname -p = unknown
/bin/uname -X     = unknown

/bin/arch              = unknown
/usr/bin/arch -k       = unknown
/usr/convex/getsysinfo = unknown
/usr/bin/hostinfo      = unknown
/bin/machine           = unknown
/usr/bin/oslevel       = unknown
/bin/universe          = unknown

PATH: /home/vroncevic/bin
PATH: /opt/forticlient-sslvpn/64bit
PATH: /usr/local/bin
PATH: /usr/bin
PATH: /bin
PATH: /usr/local/games
PATH: /usr/games
PATH: /home/vroncevic/.local/bin/


## ----------- ##
## Core tests. ##
## ----------- ##

configure:2449: checking for a BSD-compatible install
configure:2517: result: /usr/bin/install -c
configure:2528: checking whether build environment is sane
configure:2583: result: yes
configure:2734: checking for a thread-safe mkdir -p
configure:2773: result: /bin/mkdir -p
configure:2780: checking for gawk
configure:2796: found /usr/bin/gawk
configure:2807: result: gawk
configure:2818: checking whether make sets $(MAKE)
configure:2840: result: yes
configure:2869: checking whether make supports nested variables
configure:2886: result: yes
configure:3023: checking whether make supports nested variables
configure:3040: result: yes
configure:3099: checking for gcc
configure:3115: found /usr/bin/gcc
configure:3126: result: gcc
configure:3355: checking for C compiler version
configure:3364: gcc --version >&5
gcc (Debian 6.3.0-18+deb9u1) 6.3.0 20170516
Copyright (C) 2016 Free Software Foundation, Inc.
This is free software; see the source for copying conditions.  There is NO
warranty; not even for MERCHANTABILITY or FITNESS FOR A PARTICULAR PURPOSE.

configure:3375: $? = 0
configure:3364: gcc -v >&5
Using built-in specs.
COLLECT_GCC=gcc
COLLECT_LTO_WRAPPER=/usr/lib/gcc/x86_64-linux-gnu/6/lto-wrapper
Target: x86_64-linux-gnu
Configured with: ../src/configure -v --with-pkgversion='Debian 6.3.0-18+deb9u1' --with-bugurl=file:///usr/share/doc/gcc-6/README.Bugs --enable-languages=c,ada,c++,java,go,d,fortran,objc,obj-c++ --prefix=/usr --program-suffix=-6 --program-prefix=x86_64-linux-gnu- --enable-shared --enable-linker-build-id --libexecdir=/usr/lib --without-included-gettext --enable-threads=posix --libdir=/usr/lib --enable-nls --with-sysroot=/ --enable-clocale=gnu --enable-libstdcxx-debug --enable-libstdcxx-time=yes --with-default-libstdcxx-abi=new --enable-gnu-unique-object --disable-vtable-verify --enable-libmpx --enable-plugin --enable-default-pie --with-system-zlib --disable-browser-plugin --enable-java-awt=gtk --enable-gtk-cairo --with-java-home=/usr/lib/jvm/java-1.5.0-gcj-6-amd64/jre --enable-java-home --with-jvm-root-dir=/usr/lib/jvm/java-1.5.0-gcj-6-amd64 --with-jvm-jar-dir=/usr/lib/jvm-exports/java-1.5.0-gcj-6-amd64 --with-arch-directory=amd64 --with-ecj-jar=/usr/share/java/eclipse-ecj.jar --with-target-system-zlib --enable-objc-gc=auto --enable-multiarch --with-arch-32=i686 --with-abi=m64 --with-multilib-list=m32,m64,mx32 --enable-multilib --with-tune=generic --enable-checking=release --build=x86_64-linux-gnu --host=x86_64-linux-gnu --target=x86_64-linux-gnu
Thread model: posix
gcc version 6.3.0 20170516 (Debian 6.3.0-18+deb9u1) 
configure:3375: $? = 0
configure:3364: gcc -V >&5
gcc: error: unrecognized command line option '-V'
gcc: fatal error: no input files
compilation terminated.
configure:3375: $? = 1
configure:3364: gcc -qversion >&5
gcc: error: unrecognized command line option '-qversion'; did you mean '--version'?
gcc: fatal error: no input files
compilation terminated.
configure:3375: $? = 1
configure:3395: checking whether the C compiler works
configure:3417: gcc    conftest.c  >&5
configure:3421: $? = 0
configure:3469: result: yes
configure:3472: checking for C compiler default output file name
configure:3474: result: a.out
configure:3480: checking for suffix of executables
configure:3487: gcc -o conftest    conftest.c  >&5
configure:3491: $? = 0
configure:3513: result: 
configure:3535: checking whether we are cross compiling
configure:3543: gcc -o conftest    conftest.c  >&5
configure:3547: $? = 0
configure:3554: ./conftest
configure:3558: $? = 0
configure:3573: result: no
configure:3578: checking for suffix of object files
configure:3600: gcc -c   conftest.c >&5
configure:3604: $? = 0
configure:3625: result: o
configure:3629: checking whether we are using the GNU C compiler
configure:3648: gcc -c   conftest.c >&5
configure:3648: $? = 0
configure:3657: result: yes
configure:3666: checking whether gcc accepts -g
configure:3686: gcc -c -g  conftest.c >&5
configure:3686: $? = 0
configure:3727: result: yes
configure:3744: checking for gcc option to accept ISO C89
configure:3807: gcc  -c -g -O2  conftest.c >&5
configure:3807: $? = 0
configure:3820: result: none needed
configure:3845: checking whether gcc understands -c and -o together
configure:3867: gcc -c conftest.c -o conftest2.o
configure:3870: $? = 0
configure:3867: gcc -c conftest.c -o conftest2.o
configure:3870: $? = 0
configure:3882: result: yes
configure:3910: checking for style of include used by make
configure:3938: result: GNU
configure:3964: checking dependency style of gcc
configure:4075: result: gcc3
configure:4095: checking how to run the C preprocessor
configure:4126: gcc -E  conftest.c
configure:4126: $? = 0
configure:4140: gcc -E  conftest.c
conftest.c:11:28: fatal error: ac_nonexistent.h: No such file or directory
 #include <ac_nonexistent.h>
                            ^
compilation terminated.
configure:4140: $? = 1
configure: failed program was:
| /* confdefs.h */
| #define PACKAGE_NAME "authuser"
| #define PACKAGE_TARNAME "authuser"
| #define PACKAGE_VERSION "0.1"
| #define PACKAGE_STRING "authuser 0.1"
| #define PACKAGE_BUGREPORT ""
| #define PACKAGE_URL ""
| #define PACKAGE "authuser"
| #define VERSION "0.1"
| /* end confdefs.h.  */
| #include <ac_nonexistent.h>
configure:4165: result: gcc -E
configure:4185: gcc -E  conftest.c
configure:4185: $? = 0
configure:4199: gcc -E  conftest.c
conftest.c:11:28: fatal error: ac_nonexistent.h: No such file or directory
 #include <ac_nonexistent.h>
                            ^
compilation terminated.
configure:4199: $? = 1
configure: failed program was:
| /* confdefs.h */
| #define PACKAGE_NAME "authuser"
| #define PACKAGE_TARNAME "authuser"
| #define PACKAGE_VERSION "0.1"
| #define PACKAGE_STRING "authuser 0.1"
| #define PACKAGE_BUGREPORT ""
| #define PACKAGE_URL ""
| #define PACKAGE "authuser"
| #define VERSION "0.1"
| /* end confdefs.h.  */
| #include <ac_nonexistent.h>
configure:4285: checking for g++
configure:4301: found /usr/bin/g++
configure:4312: result: g++
configure:4339: checking for C++ compiler version
configure:4348: g++ --version >&5
g++ (Debian 6.3.0-18+deb9u1) 6.3.0 20170516
Copyright (C) 2016 Free Software Foundation, Inc.
This is free software; see the source for copying conditions.  There is NO
warranty; not even for MERCHANTABILITY or FITNESS FOR A PARTICULAR PURPOSE.

configure:4359: $? = 0
configure:4348: g++ -v >&5
Using built-in specs.
COLLECT_GCC=g++
COLLECT_LTO_WRAPPER=/usr/lib/gcc/x86_64-linux-gnu/6/lto-wrapper
Target: x86_64-linux-gnu
Configured with: ../src/configure -v --with-pkgversion='Debian 6.3.0-18+deb9u1' --with-bugurl=file:///usr/share/doc/gcc-6/README.Bugs --enable-languages=c,ada,c++,java,go,d,fortran,objc,obj-c++ --prefix=/usr --program-suffix=-6 --program-prefix=x86_64-linux-gnu- --enable-shared --enable-linker-build-id --libexecdir=/usr/lib --without-included-gettext --enable-threads=posix --libdir=/usr/lib --enable-nls --with-sysroot=/ --enable-clocale=gnu --enable-libstdcxx-debug --enable-libstdcxx-time=yes --with-default-libstdcxx-abi=new --enable-gnu-unique-object --disable-vtable-verify --enable-libmpx --enable-plugin --enable-default-pie --with-system-zlib --disable-browser-plugin --enable-java-awt=gtk --enable-gtk-cairo --with-java-home=/usr/lib/jvm/java-1.5.0-gcj-6-amd64/jre --enable-java-home --with-jvm-root-dir=/usr/lib/jvm/java-1.5.0-gcj-6-amd64 --with-jvm-jar-dir=/usr/lib/jvm-exports/java-1.5.0-gcj-6-amd64 --with-arch-directory=amd64 --with-ecj-jar=/usr/share/java/eclipse-ecj.jar --with-target-system-zlib --enable-objc-gc=auto --enable-multiarch --with-arch-32=i686 --with-abi=m64 --with-multilib-list=m32,m64,mx32 --enable-multilib --with-tune=generic --enable-checking=release --build=x86_64-linux-gnu --host=x86_64-linux-gnu --target=x86_64-linux-gnu
Thread model: posix
gcc version 6.3.0 20170516 (Debian 6.3.0-18+deb9u1) 
configure:4359: $? = 0
configure:4348: g++ -V >&5
g++: error: unrecognized command line option '-V'
g++: fatal error: no input files
compilation terminated.
configure:4359: $? = 1
configure:4348: g++ -qversion >&5
g++: error: unrecognized command line option '-qversion'; did you mean '--version'?
g++: fatal error: no input files
compilation terminated.
configure:4359: $? = 1
configure:4363: checking whether we are using the GNU C++ compiler
configure:4382: g++ -c   conftest.cpp >&5
configure:4382: $? = 0
configure:4391: result: yes
configure:4400: checking whether g++ accepts -g
configure:4420: g++ -c -g  conftest.cpp >&5
configure:4420: $? = 0
configure:4461: result: yes
configure:4486: checking dependency style of g++
configure:4597: result: gcc3
configure:4614: checking whether NLS is requested
configure:4623: result: yes
configure:4641: checking for intltool >= 0.35.0
configure:4643: result: 0.51.0 found
configure:4651: checking for intltool-update
configure:4669: found /usr/bin/intltool-update
configure:4681: result: /usr/bin/intltool-update
configure:4691: checking for intltool-merge
configure:4709: found /usr/bin/intltool-merge
configure:4721: result: /usr/bin/intltool-merge
configure:4731: checking for intltool-extract
configure:4749: found /usr/bin/intltool-extract
configure:4761: result: /usr/bin/intltool-extract
configure:4915: checking for xgettext
configure:4933: found /usr/bin/xgettext
configure:4945: result: /usr/bin/xgettext
configure:4955: checking for msgmerge
configure:4973: found /usr/bin/msgmerge
configure:4985: result: /usr/bin/msgmerge
configure:4995: checking for msgfmt
configure:5013: found /usr/bin/msgfmt
configure:5025: result: /usr/bin/msgfmt
configure:5035: checking for gmsgfmt
configure:5066: result: /usr/bin/msgfmt
configure:5086: checking for perl
configure:5104: found /usr/bin/perl
configure:5116: result: /usr/bin/perl
configure:5127: checking for perl >= 5.8.1
configure:5134: result: 5.24.1
configure:5138: checking for XML::Parser
configure:5141: result: ok
configure:5163: checking for grep that handles long lines and -e
configure:5221: result: /bin/grep
configure:5226: checking for egrep
configure:5288: result: /bin/grep -E
configure:5293: checking for ANSI C header files
configure:5313: gcc -c -g -O2  conftest.c >&5
configure:5313: $? = 0
configure:5386: gcc -o conftest -g -O2   conftest.c  >&5
configure:5386: $? = 0
configure:5386: ./conftest
configure:5386: $? = 0
configure:5397: result: yes
configure:5410: checking for sys/types.h
configure:5410: gcc -c -g -O2  conftest.c >&5
configure:5410: $? = 0
configure:5410: result: yes
configure:5410: checking for sys/stat.h
configure:5410: gcc -c -g -O2  conftest.c >&5
configure:5410: $? = 0
configure:5410: result: yes
configure:5410: checking for stdlib.h
configure:5410: gcc -c -g -O2  conftest.c >&5
configure:5410: $? = 0
configure:5410: result: yes
configure:5410: checking for string.h
configure:5410: gcc -c -g -O2  conftest.c >&5
configure:5410: $? = 0
configure:5410: result: yes
configure:5410: checking for memory.h
configure:5410: gcc -c -g -O2  conftest.c >&5
configure:5410: $? = 0
configure:5410: result: yes
configure:5410: checking for strings.h
configure:5410: gcc -c -g -O2  conftest.c >&5
configure:5410: $? = 0
configure:5410: result: yes
configure:5410: checking for inttypes.h
configure:5410: gcc -c -g -O2  conftest.c >&5
configure:5410: $? = 0
configure:5410: result: yes
configure:5410: checking for stdint.h
configure:5410: gcc -c -g -O2  conftest.c >&5
configure:5410: $? = 0
configure:5410: result: yes
configure:5410: checking for unistd.h
configure:5410: gcc -c -g -O2  conftest.c >&5
configure:5410: $? = 0
configure:5410: result: yes
configure:5425: checking locale.h usability
configure:5425: gcc -c -g -O2  conftest.c >&5
configure:5425: $? = 0
configure:5425: result: yes
configure:5425: checking locale.h presence
configure:5425: gcc -E  conftest.c
configure:5425: $? = 0
configure:5425: result: yes
configure:5425: checking for locale.h
configure:5425: result: yes
configure:5436: checking for LC_MESSAGES
configure:5452: gcc -o conftest -g -O2   conftest.c  >&5
configure:5452: $? = 0
configure:5460: result: yes
configure:5477: checking libintl.h usability
configure:5477: gcc -c -g -O2  conftest.c >&5
configure:5477: $? = 0
configure:5477: result: yes
configure:5477: checking libintl.h presence
configure:5477: gcc -E  conftest.c
configure:5477: $? = 0
configure:5477: result: yes
configure:5477: checking for libintl.h
configure:5477: result: yes
configure:5485: checking for ngettext in libc
configure:5503: gcc -o conftest -g -O2   conftest.c  >&5
configure:5503: $? = 0
configure:5512: result: yes
configure:5516: checking for dgettext in libc
configure:5534: gcc -o conftest -g -O2   conftest.c  >&5
configure:5534: $? = 0
configure:5543: result: yes
configure:5550: checking for bind_textdomain_codeset
configure:5550: gcc -o conftest -g -O2   conftest.c  >&5
configure:5550: $? = 0
configure:5550: result: yes
configure:5826: checking for msgfmt
configure:5853: result: /usr/bin/msgfmt
configure:5864: checking for dcgettext
configure:5864: gcc -o conftest -g -O2   conftest.c   >&5
conftest.c:49:6: warning: conflicting types for built-in function 'dcgettext'
 char dcgettext ();
      ^~~~~~~~~
configure:5864: $? = 0
configure:5864: result: yes
configure:5874: checking if msgfmt accepts -c
configure:5889: $MSGFMT -c -o /dev/null conftest.foo
conftest.foo:3: warning: header field 'Language' missing in header
configure:5892: $? = 0
configure:5894: result: yes
configure:5904: checking for gmsgfmt
configure:5935: result: /usr/bin/msgfmt
configure:5945: checking for xgettext
configure:5972: result: /usr/bin/xgettext
configure:5991: gcc -o conftest -g -O2   conftest.c   >&5
configure:5991: $? = 0
configure:6159: checking build system type
configure:6173: result: x86_64-unknown-linux-gnu
configure:6193: checking host system type
configure:6206: result: x86_64-unknown-linux-gnu
configure:6247: checking how to print strings
configure:6274: result: printf
configure:6295: checking for a sed that does not truncate output
configure:6359: result: /bin/sed
configure:6377: checking for fgrep
configure:6439: result: /bin/grep -F
configure:6474: checking for ld used by gcc
configure:6541: result: /usr/bin/ld
configure:6548: checking if the linker (/usr/bin/ld) is GNU ld
configure:6563: result: yes
configure:6575: checking for BSD- or MS-compatible name lister (nm)
configure:6629: result: /usr/bin/nm -B
configure:6759: checking the name lister (/usr/bin/nm -B) interface
configure:6766: gcc -c -g -O2  conftest.c >&5
configure:6769: /usr/bin/nm -B "conftest.o"
configure:6772: output
0000000000000000 B some_variable
configure:6779: result: BSD nm
configure:6782: checking whether ln -s works
configure:6786: result: yes
configure:6794: checking the maximum length of command line arguments
configure:6925: result: 1572864
configure:6973: checking how to convert x86_64-unknown-linux-gnu file names to x86_64-unknown-linux-gnu format
configure:7013: result: func_convert_file_noop
configure:7020: checking how to convert x86_64-unknown-linux-gnu file names to toolchain format
configure:7040: result: func_convert_file_noop
configure:7047: checking for /usr/bin/ld option to reload object files
configure:7054: result: -r
configure:7128: checking for objdump
configure:7144: found /usr/bin/objdump
configure:7155: result: objdump
configure:7187: checking how to recognize dependent libraries
configure:7387: result: pass_all
configure:7472: checking for dlltool
configure:7502: result: no
configure:7532: checking how to associate runtime and link libraries
configure:7559: result: printf %s\n
configure:7619: checking for ar
configure:7635: found /usr/bin/ar
configure:7646: result: ar
configure:7683: checking for archiver @FILE support
configure:7700: gcc -c -g -O2  conftest.c >&5
configure:7700: $? = 0
configure:7703: ar cru libconftest.a @conftest.lst >&5
ar: `u' modifier ignored since `D' is the default (see `U')
configure:7706: $? = 0
configure:7711: ar cru libconftest.a @conftest.lst >&5
ar: `u' modifier ignored since `D' is the default (see `U')
ar: conftest.o: No such file or directory
configure:7714: $? = 1
configure:7726: result: @
configure:7784: checking for strip
configure:7800: found /usr/bin/strip
configure:7811: result: strip
configure:7883: checking for ranlib
configure:7899: found /usr/bin/ranlib
configure:7910: result: ranlib
configure:8012: checking command to parse /usr/bin/nm -B output from gcc object
configure:8165: gcc -c -g -O2  conftest.c >&5
configure:8168: $? = 0
configure:8172: /usr/bin/nm -B conftest.o \| sed -n -e 's/^.*[ ]\([ABCDGIRSTW][ABCDGIRSTW]*\)[ ][ ]*\([_A-Za-z][_A-Za-z0-9]*\)$/\1 \2 \2/p' | sed '/ __gnu_lto/d' \> conftest.nm
configure:8175: $? = 0
configure:8241: gcc -o conftest -g -O2   conftest.c conftstm.o >&5
configure:8244: $? = 0
configure:8282: result: ok
configure:8329: checking for sysroot
configure:8359: result: no
configure:8366: checking for a working dd
configure:8404: result: /bin/dd
configure:8408: checking how to truncate binary pipes
configure:8423: result: /bin/dd bs=4096 count=1
configure:8559: gcc -c -g -O2  conftest.c >&5
configure:8562: $? = 0
configure:8752: checking for mt
configure:8768: found /bin/mt
configure:8779: result: mt
configure:8802: checking if mt is a manifest tool
configure:8808: mt '-?'
configure:8816: result: no
configure:9490: checking for dlfcn.h
configure:9490: gcc -c -g -O2  conftest.c >&5
configure:9490: $? = 0
configure:9490: result: yes
configure:9757: checking for objdir
configure:9772: result: .libs
configure:10032: checking if gcc supports -fno-rtti -fno-exceptions
configure:10050: gcc -c -g -O2  -fno-rtti -fno-exceptions conftest.c >&5
cc1: warning: command line option '-fno-rtti' is valid for C++/ObjC++ but not for C
configure:10054: $? = 0
configure:10067: result: no
configure:10425: checking for gcc option to produce PIC
configure:10432: result: -fPIC -DPIC
configure:10440: checking if gcc PIC flag -fPIC -DPIC works
configure:10458: gcc -c -g -O2  -fPIC -DPIC -DPIC conftest.c >&5
configure:10462: $? = 0
configure:10475: result: yes
configure:10504: checking if gcc static flag -static works
configure:10532: result: yes
configure:10547: checking if gcc supports -c -o file.o
configure:10568: gcc -c -g -O2  -o out/conftest2.o conftest.c >&5
configure:10572: $? = 0
configure:10594: result: yes
configure:10602: checking if gcc supports -c -o file.o
configure:10649: result: yes
configure:10682: checking whether the gcc linker (/usr/bin/ld -m elf_x86_64) supports shared libraries
configure:11945: result: yes
configure:11982: checking whether -lc should be explicitly linked in
configure:11990: gcc -c -g -O2  conftest.c >&5
configure:11993: $? = 0
configure:12008: gcc -shared  -fPIC -DPIC conftest.o  -v -Wl,-soname -Wl,conftest -o conftest 2\>\&1 \| /bin/grep  -lc  \>/dev/null 2\>\&1
configure:12011: $? = 0
configure:12025: result: no
configure:12185: checking dynamic linker characteristics
configure:12766: gcc -o conftest -g -O2   -Wl,-rpath -Wl,/foo conftest.c  >&5
configure:12766: $? = 0
configure:13015: result: GNU/Linux ld.so
configure:13137: checking how to hardcode library paths into programs
configure:13162: result: immediate
configure:13710: checking whether stripping libraries is possible
configure:13715: result: yes
configure:13750: checking if libtool supports shared libraries
configure:13752: result: yes
configure:13755: checking whether to build shared libraries
configure:13780: result: yes
configure:13783: checking whether to build static libraries
configure:13787: result: yes
configure:13810: checking how to run the C++ preprocessor
configure:13837: g++ -E  conftest.cpp
configure:13837: $? = 0
configure:13851: g++ -E  conftest.cpp
conftest.cpp:30:28: fatal error: ac_nonexistent.h: No such file or directory
 #include <ac_nonexistent.h>
                            ^
compilation terminated.
configure:13851: $? = 1
configure: failed program was:
| /* confdefs.h */
| #define PACKAGE_NAME "authuser"
| #define PACKAGE_TARNAME "authuser"
| #define PACKAGE_VERSION "0.1"
| #define PACKAGE_STRING "authuser 0.1"
| #define PACKAGE_BUGREPORT ""
| #define PACKAGE_URL ""
| #define PACKAGE "authuser"
| #define VERSION "0.1"
| #define GETTEXT_PACKAGE "authuser"
| #define STDC_HEADERS 1
| #define HAVE_SYS_TYPES_H 1
| #define HAVE_SYS_STAT_H 1
| #define HAVE_STDLIB_H 1
| #define HAVE_STRING_H 1
| #define HAVE_MEMORY_H 1
| #define HAVE_STRINGS_H 1
| #define HAVE_INTTYPES_H 1
| #define HAVE_STDINT_H 1
| #define HAVE_UNISTD_H 1
| #define HAVE_LOCALE_H 1
| #define HAVE_LC_MESSAGES 1
| #define HAVE_BIND_TEXTDOMAIN_CODESET 1
| #define HAVE_GETTEXT 1
| #define HAVE_DCGETTEXT 1
| #define ENABLE_NLS 1
| #define HAVE_DLFCN_H 1
| #define LT_OBJDIR ".libs/"
| /* end confdefs.h.  */
| #include <ac_nonexistent.h>
configure:13876: result: g++ -E
configure:13896: g++ -E  conftest.cpp
configure:13896: $? = 0
configure:13910: g++ -E  conftest.cpp
conftest.cpp:30:28: fatal error: ac_nonexistent.h: No such file or directory
 #include <ac_nonexistent.h>
                            ^
compilation terminated.
configure:13910: $? = 1
configure: failed program was:
| /* confdefs.h */
| #define PACKAGE_NAME "authuser"
| #define PACKAGE_TARNAME "authuser"
| #define PACKAGE_VERSION "0.1"
| #define PACKAGE_STRING "authuser 0.1"
| #define PACKAGE_BUGREPORT ""
| #define PACKAGE_URL ""
| #define PACKAGE "authuser"
| #define VERSION "0.1"
| #define GETTEXT_PACKAGE "authuser"
| #define STDC_HEADERS 1
| #define HAVE_SYS_TYPES_H 1
| #define HAVE_SYS_STAT_H 1
| #define HAVE_STDLIB_H 1
| #define HAVE_STRING_H 1
| #define HAVE_MEMORY_H 1
| #define HAVE_STRINGS_H 1
| #define HAVE_INTTYPES_H 1
| #define HAVE_STDINT_H 1
| #define HAVE_UNISTD_H 1
| #define HAVE_LOCALE_H 1
| #define HAVE_LC_MESSAGES 1
| #define HAVE_BIND_TEXTDOMAIN_CODESET 1
| #define HAVE_GETTEXT 1
| #define HAVE_DCGETTEXT 1
| #define ENABLE_NLS 1
| #define HAVE_DLFCN_H 1
| #define LT_OBJDIR ".libs/"
| /* end confdefs.h.  */
| #include <ac_nonexistent.h>
configure:14072: checking for ld used by g++
configure:14139: result: /usr/bin/ld -m elf_x86_64
configure:14146: checking if the linker (/usr/bin/ld -m elf_x86_64) is GNU ld
configure:14161: result: yes
configure:14216: checking whether the g++ linker (/usr/bin/ld -m elf_x86_64) supports shared libraries
configure:15289: result: yes
configure:15325: g++ -c -g -O2  conftest.cpp >&5
configure:15328: $? = 0
configure:15809: checking for g++ option to produce PIC
configure:15816: result: -fPIC -DPIC
configure:15824: checking if g++ PIC flag -fPIC -DPIC works
configure:15842: g++ -c -g -O2  -fPIC -DPIC -DPIC conftest.cpp >&5
configure:15846: $? = 0
configure:15859: result: yes
configure:15882: checking if g++ static flag -static works
configure:15910: result: yes
configure:15922: checking if g++ supports -c -o file.o
configure:15943: g++ -c -g -O2  -o out/conftest2.o conftest.cpp >&5
configure:15947: $? = 0
configure:15969: result: yes
configure:15974: checking if g++ supports -c -o file.o
configure:16021: result: yes
configure:16051: checking whether the g++ linker (/usr/bin/ld -m elf_x86_64) supports shared libraries
configure:16094: result: yes
configure:16235: checking dynamic linker characteristics
configure:16992: result: GNU/Linux ld.so
configure:17057: checking how to hardcode library paths into programs
configure:17082: result: immediate
configure:17254: checking that generated files are newer than configure
configure:17260: result: done
configure:17291: creating ./config.status

## ---------------------- ##
## Running config.status. ##
## ---------------------- ##

This file was extended by authuser config.status 0.1, which was
generated by GNU Autoconf 2.69.  Invocation command line was

  CONFIG_FILES    = 
  CONFIG_HEADERS  = 
  CONFIG_LINKS    = 
  CONFIG_COMMANDS = 
  $ ./config.status 

on debtux

config.status:1227: creating Makefile
config.status:1227: creating src/authuser-0.1.pc
config.status:1227: creating src/Makefile
config.status:1227: creating po/Makefile.in
config.status:1227: creating config.h
config.status:1456: executing depfiles commands
config.status:1456: executing default-1 commands
config.status:1456: executing libtool commands
config.status:1456: executing po/stamp-it commands

## ---------------- ##
## Cache variables. ##
## ---------------- ##

ac_cv_build=x86_64-unknown-linux-gnu
ac_cv_c_compiler_gnu=yes
ac_cv_cxx_compiler_gnu=yes
ac_cv_env_CCC_set=
ac_cv_env_CCC_value=
ac_cv_env_CC_set=
ac_cv_env_CC_value=
ac_cv_env_CFLAGS_set=
ac_cv_env_CFLAGS_value=
ac_cv_env_CPPFLAGS_set=
ac_cv_env_CPPFLAGS_value=
ac_cv_env_CPP_set=
ac_cv_env_CPP_value=
ac_cv_env_CXXCPP_set=
ac_cv_env_CXXCPP_value=
ac_cv_env_CXXFLAGS_set=
ac_cv_env_CXXFLAGS_value=
ac_cv_env_CXX_set=
ac_cv_env_CXX_value=
ac_cv_env_LDFLAGS_set=
ac_cv_env_LDFLAGS_value=
ac_cv_env_LIBS_set=
ac_cv_env_LIBS_value=
ac_cv_env_LT_SYS_LIBRARY_PATH_set=
ac_cv_env_LT_SYS_LIBRARY_PATH_value=
ac_cv_env_build_alias_set=
ac_cv_env_build_alias_value=
ac_cv_env_host_alias_set=
ac_cv_env_host_alias_value=
ac_cv_env_target_alias_set=
ac_cv_env_target_alias_value=
ac_cv_func_bind_textdomain_codeset=yes
ac_cv_func_dcgettext=yes
ac_cv_header_dlfcn_h=yes
ac_cv_header_inttypes_h=yes
ac_cv_header_libintl_h=yes
ac_cv_header_locale_h=yes
ac_cv_header_memory_h=yes
ac_cv_header_stdc=yes
ac_cv_header_stdint_h=yes
ac_cv_header_stdlib_h=yes
ac_cv_header_string_h=yes
ac_cv_header_strings_h=yes
ac_cv_header_sys_stat_h=yes
ac_cv_header_sys_types_h=yes
ac_cv_header_unistd_h=yes
ac_cv_host=x86_64-unknown-linux-gnu
ac_cv_objext=o
ac_cv_path_EGREP='/bin/grep -E'
ac_cv_path_FGREP='/bin/grep -F'
ac_cv_path_GMSGFMT=/usr/bin/msgfmt
ac_cv_path_GREP=/bin/grep
ac_cv_path_INTLTOOL_EXTRACT=/usr/bin/intltool-extract
ac_cv_path_INTLTOOL_MERGE=/usr/bin/intltool-merge
ac_cv_path_INTLTOOL_PERL=/usr/bin/perl
ac_cv_path_INTLTOOL_UPDATE=/usr/bin/intltool-update
ac_cv_path_MSGFMT=/usr/bin/msgfmt
ac_cv_path_MSGMERGE=/usr/bin/msgmerge
ac_cv_path_SED=/bin/sed
ac_cv_path_XGETTEXT=/usr/bin/xgettext
ac_cv_path_install='/usr/bin/install -c'
ac_cv_path_lt_DD=/bin/dd
ac_cv_path_mkdir=/bin/mkdir
ac_cv_prog_AWK=gawk
ac_cv_prog_CPP='gcc -E'
ac_cv_prog_CXXCPP='g++ -E'
ac_cv_prog_ac_ct_AR=ar
ac_cv_prog_ac_ct_CC=gcc
ac_cv_prog_ac_ct_CXX=g++
ac_cv_prog_ac_ct_MANIFEST_TOOL=mt
ac_cv_prog_ac_ct_OBJDUMP=objdump
ac_cv_prog_ac_ct_RANLIB=ranlib
ac_cv_prog_ac_ct_STRIP=strip
ac_cv_prog_cc_c89=
ac_cv_prog_cc_g=yes
ac_cv_prog_cxx_g=yes
ac_cv_prog_make_make_set=yes
am_cv_CC_dependencies_compiler_type=gcc3
am_cv_CXX_dependencies_compiler_type=gcc3
am_cv_make_support_nested_variables=yes
am_cv_prog_cc_c_o=yes
am_cv_val_LC_MESSAGES=yes
gt_cv_func_dgettext_libc=yes
gt_cv_func_dgettext_libintl=no
gt_cv_func_ngettext_libc=yes
gt_cv_have_gettext=yes
lt_cv_ar_at_file=@
lt_cv_archive_cmds_need_lc=no
lt_cv_deplibs_check_method=pass_all
lt_cv_file_magic_cmd='$MAGIC_CMD'
lt_cv_file_magic_test_file=
lt_cv_ld_reload_flag=-r
lt_cv_nm_interface='BSD nm'
lt_cv_objdir=.libs
lt_cv_path_LD=/usr/bin/ld
lt_cv_path_LDCXX='/usr/bin/ld -m elf_x86_64'
lt_cv_path_NM='/usr/bin/nm -B'
lt_cv_path_mainfest_tool=no
lt_cv_prog_compiler_c_o=yes
lt_cv_prog_compiler_c_o_CXX=yes
lt_cv_prog_compiler_pic='-fPIC -DPIC'
lt_cv_prog_compiler_pic_CXX='-fPIC -DPIC'
lt_cv_prog_compiler_pic_works=yes
lt_cv_prog_compiler_pic_works_CXX=yes
lt_cv_prog_compiler_rtti_exceptions=no
lt_cv_prog_compiler_static_works=yes
lt_cv_prog_compiler_static_works_CXX=yes
lt_cv_prog_gnu_ld=yes
lt_cv_prog_gnu_ldcxx=yes
lt_cv_sharedlib_from_linklib_cmd='printf %s\n'
lt_cv_shlibpath_overrides_runpath=yes
lt_cv_sys_global_symbol_pipe='sed -n -e '\''s/^.*[	 ]\([ABCDGIRSTW][ABCDGIRSTW]*\)[	 ][	 ]*\([_A-Za-z][_A-Za-z0-9]*\)$/\1 \2 \2/p'\'' | sed '\''/ __gnu_lto/d'\'''
lt_cv_sys_global_symbol_to_c_name_address='sed -n -e '\''s/^: \(.*\) .*$/  {"\1", (void *) 0},/p'\'' -e '\''s/^[ABCDGIRSTW][ABCDGIRSTW]* .* \(.*\)$/  {"\1", (void *) \&\1},/p'\'''
lt_cv_sys_global_symbol_to_c_name_address_lib_prefix='sed -n -e '\''s/^: \(.*\) .*$/  {"\1", (void *) 0},/p'\'' -e '\''s/^[ABCDGIRSTW][ABCDGIRSTW]* .* \(lib.*\)$/  {"\1", (void *) \&\1},/p'\'' -e '\''s/^[ABCDGIRSTW][ABCDGIRSTW]* .* \(.*\)$/  {"lib\1", (void *) \&\1},/p'\'''
lt_cv_sys_global_symbol_to_cdecl='sed -n -e '\''s/^T .* \(.*\)$/extern int \1();/p'\'' -e '\''s/^[ABCDGIRSTW][ABCDGIRSTW]* .* \(.*\)$/extern char \1;/p'\'''
lt_cv_sys_global_symbol_to_import=
lt_cv_sys_max_cmd_len=1572864
lt_cv_to_host_file_cmd=func_convert_file_noop
lt_cv_to_tool_file_cmd=func_convert_file_noop
lt_cv_truncate_bin='/bin/dd bs=4096 count=1'

## ----------------- ##
## Output variables. ##
## ----------------- ##

ACLOCAL='${SHELL} /data1/dev/cc++/1_ansi_c/authuser/github/authuser/authuser/missing aclocal-1.15'
ALL_LINGUAS=''
AMDEPBACKSLASH='\'
AMDEP_FALSE='#'
AMDEP_TRUE=''
AMTAR='$${TAR-tar}'
AM_BACKSLASH='\'
AM_DEFAULT_V='$(AM_DEFAULT_VERBOSITY)'
AM_DEFAULT_VERBOSITY='0'
AM_V='$(V)'
AR='ar'
AUTOCONF='${SHELL} /data1/dev/cc++/1_ansi_c/authuser/github/authuser/authuser/missing autoconf'
AUTOHEADER='${SHELL} /data1/dev/cc++/1_ansi_c/authuser/github/authuser/authuser/missing autoheader'
AUTOMAKE='${SHELL} /data1/dev/cc++/1_ansi_c/authuser/github/authuser/authuser/missing automake-1.15'
AWK='gawk'
CATALOGS=''
CATOBJEXT='.gmo'
CC='gcc'
CCDEPMODE='depmode=gcc3'
CFLAGS='-g -O2'
CPP='gcc -E'
CPPFLAGS=''
CXX='g++'
CXXCPP='g++ -E'
CXXDEPMODE='depmode=gcc3'
CXXFLAGS='-g -O2'
CYGPATH_W='echo'
DATADIRNAME='share'
DEFS='-DHAVE_CONFIG_H'
DEPDIR='.deps'
DLLTOOL='false'
DSYMUTIL=''
DUMPBIN=''
ECHO_C=''
ECHO_N='-n'
ECHO_T=''
EGREP='/bin/grep -E'
EXEEXT=''
FGREP='/bin/grep -F'
GETTEXT_PACKAGE='authuser'
GMOFILES=''
GMSGFMT='/usr/bin/msgfmt'
GREP='/bin/grep'
INSTALL_DATA='${INSTALL} -m 644'
INSTALL_PROGRAM='${INSTALL}'
INSTALL_SCRIPT='${INSTALL}'
INSTALL_STRIP_PROGRAM='$(install_sh) -c -s'
INSTOBJEXT='.mo'
INTLLIBS=''
INTLTOOL_CAVES_RULE='%.caves:     %.caves.in     $(INTLTOOL_MERGE) $(wildcard $(top_srcdir)/po/*.po) ; $(INTLTOOL_V_MERGE)LC_ALL=C $(INTLTOOL_MERGE) $(INTLTOOL_V_MERGE_OPTIONS) -d -u -c $(top_builddir)/po/.intltool-merge-cache $(top_srcdir)/po $< $@'
INTLTOOL_DESKTOP_RULE='%.desktop:   %.desktop.in   $(INTLTOOL_MERGE) $(wildcard $(top_srcdir)/po/*.po) ; $(INTLTOOL_V_MERGE)LC_ALL=C $(INTLTOOL_MERGE) $(INTLTOOL_V_MERGE_OPTIONS) -d -u -c $(top_builddir)/po/.intltool-merge-cache $(top_srcdir)/po $< $@'
INTLTOOL_DIRECTORY_RULE='%.directory: %.directory.in $(INTLTOOL_MERGE) $(wildcard $(top_srcdir)/po/*.po) ; $(INTLTOOL_V_MERGE)LC_ALL=C $(INTLTOOL_MERGE) $(INTLTOOL_V_MERGE_OPTIONS) -d -u -c $(top_builddir)/po/.intltool-merge-cache $(top_srcdir)/po $< $@'
INTLTOOL_EXTRACT='/usr/bin/intltool-extract'
INTLTOOL_KBD_RULE='%.kbd:       %.kbd.in       $(INTLTOOL_MERGE) $(wildcard $(top_srcdir)/po/*.po) ; $(INTLTOOL_V_MERGE)LC_ALL=C $(INTLTOOL_MERGE) $(INTLTOOL_V_MERGE_OPTIONS) -x -u -m -c $(top_builddir)/po/.intltool-merge-cache $(top_srcdir)/po $< $@'
INTLTOOL_KEYS_RULE='%.keys:      %.keys.in      $(INTLTOOL_MERGE) $(wildcard $(top_srcdir)/po/*.po) ; $(INTLTOOL_V_MERGE)LC_ALL=C $(INTLTOOL_MERGE) $(INTLTOOL_V_MERGE_OPTIONS) -k -u -c $(top_builddir)/po/.intltool-merge-cache $(top_srcdir)/po $< $@'
INTLTOOL_MERGE='/usr/bin/intltool-merge'
INTLTOOL_OAF_RULE='%.oaf:       %.oaf.in       $(INTLTOOL_MERGE) $(wildcard $(top_srcdir)/po/*.po) ; $(INTLTOOL_V_MERGE)LC_ALL=C $(INTLTOOL_MERGE) $(INTLTOOL_V_MERGE_OPTIONS) -o -p $(top_srcdir)/po $< $@'
INTLTOOL_PERL='/usr/bin/perl'
INTLTOOL_POLICY_RULE='%.policy:    %.policy.in    $(INTLTOOL_MERGE) $(wildcard $(top_srcdir)/po/*.po) ; $(INTLTOOL_V_MERGE)LC_ALL=C $(INTLTOOL_MERGE) $(INTLTOOL_V_MERGE_OPTIONS) -x -u -c $(top_builddir)/po/.intltool-merge-cache $(top_srcdir)/po $< $@'
INTLTOOL_PONG_RULE='%.pong:      %.pong.in      $(INTLTOOL_MERGE) $(wildcard $(top_srcdir)/po/*.po) ; $(INTLTOOL_V_MERGE)LC_ALL=C $(INTLTOOL_MERGE) $(INTLTOOL_V_MERGE_OPTIONS) -x -u -c $(top_builddir)/po/.intltool-merge-cache $(top_srcdir)/po $< $@'
INTLTOOL_PROP_RULE='%.prop:      %.prop.in      $(INTLTOOL_MERGE) $(wildcard $(top_srcdir)/po/*.po) ; $(INTLTOOL_V_MERGE)LC_ALL=C $(INTLTOOL_MERGE) $(INTLTOOL_V_MERGE_OPTIONS) -d -u -c $(top_builddir)/po/.intltool-merge-cache $(top_srcdir)/po $< $@'
INTLTOOL_SCHEMAS_RULE='%.schemas:   %.schemas.in   $(INTLTOOL_MERGE) $(wildcard $(top_srcdir)/po/*.po) ; $(INTLTOOL_V_MERGE)LC_ALL=C $(INTLTOOL_MERGE) $(INTLTOOL_V_MERGE_OPTIONS) -s -u -c $(top_builddir)/po/.intltool-merge-cache $(top_srcdir)/po $< $@'
INTLTOOL_SERVER_RULE='%.server:    %.server.in    $(INTLTOOL_MERGE) $(wildcard $(top_srcdir)/po/*.po) ; $(INTLTOOL_V_MERGE)LC_ALL=C $(INTLTOOL_MERGE) $(INTLTOOL_V_MERGE_OPTIONS) -o -u -c $(top_builddir)/po/.intltool-merge-cache $(top_srcdir)/po $< $@'
INTLTOOL_SERVICE_RULE='%.service: %.service.in   $(INTLTOOL_MERGE) $(wildcard $(top_srcdir)/po/*.po) ; $(INTLTOOL_V_MERGE)LC_ALL=C $(INTLTOOL_MERGE) $(INTLTOOL_V_MERGE_OPTIONS) -d -u -c $(top_builddir)/po/.intltool-merge-cache $(top_srcdir)/po $< $@'
INTLTOOL_SHEET_RULE='%.sheet:     %.sheet.in     $(INTLTOOL_MERGE) $(wildcard $(top_srcdir)/po/*.po) ; $(INTLTOOL_V_MERGE)LC_ALL=C $(INTLTOOL_MERGE) $(INTLTOOL_V_MERGE_OPTIONS) -x -u -c $(top_builddir)/po/.intltool-merge-cache $(top_srcdir)/po $< $@'
INTLTOOL_SOUNDLIST_RULE='%.soundlist: %.soundlist.in $(INTLTOOL_MERGE) $(wildcard $(top_srcdir)/po/*.po) ; $(INTLTOOL_V_MERGE)LC_ALL=C $(INTLTOOL_MERGE) $(INTLTOOL_V_MERGE_OPTIONS) -d -u -c $(top_builddir)/po/.intltool-merge-cache $(top_srcdir)/po $< $@'
INTLTOOL_THEME_RULE='%.theme:     %.theme.in     $(INTLTOOL_MERGE) $(wildcard $(top_srcdir)/po/*.po) ; $(INTLTOOL_V_MERGE)LC_ALL=C $(INTLTOOL_MERGE) $(INTLTOOL_V_MERGE_OPTIONS) -d -u -c $(top_builddir)/po/.intltool-merge-cache $(top_srcdir)/po $< $@'
INTLTOOL_UI_RULE='%.ui:        %.ui.in        $(INTLTOOL_MERGE) $(wildcard $(top_srcdir)/po/*.po) ; $(INTLTOOL_V_MERGE)LC_ALL=C $(INTLTOOL_MERGE) $(INTLTOOL_V_MERGE_OPTIONS) -x -u -c $(top_builddir)/po/.intltool-merge-cache $(top_srcdir)/po $< $@'
INTLTOOL_UPDATE='/usr/bin/intltool-update'
INTLTOOL_V_MERGE='$(INTLTOOL__v_MERGE_$(V))'
INTLTOOL_V_MERGE_OPTIONS='$(intltool__v_merge_options_$(V))'
INTLTOOL_XAM_RULE='%.xam:       %.xml.in       $(INTLTOOL_MERGE) $(wildcard $(top_srcdir)/po/*.po) ; $(INTLTOOL_V_MERGE)LC_ALL=C $(INTLTOOL_MERGE) $(INTLTOOL_V_MERGE_OPTIONS) -x -u -c $(top_builddir)/po/.intltool-merge-cache $(top_srcdir)/po $< $@'
INTLTOOL_XML_NOMERGE_RULE='%.xml:       %.xml.in       $(INTLTOOL_MERGE) ; $(INTLTOOL_V_MERGE)LC_ALL=C $(INTLTOOL_MERGE) $(INTLTOOL_V_MERGE_OPTIONS) -x -u --no-translations $< $@'
INTLTOOL_XML_RULE='%.xml:       %.xml.in       $(INTLTOOL_MERGE) $(wildcard $(top_srcdir)/po/*.po) ; $(INTLTOOL_V_MERGE)LC_ALL=C $(INTLTOOL_MERGE) $(INTLTOOL_V_MERGE_OPTIONS) -x -u -c $(top_builddir)/po/.intltool-merge-cache $(top_srcdir)/po $< $@'
INTLTOOL__v_MERGE_0='@echo "  ITMRG " $@;'
INTLTOOL__v_MERGE_='$(INTLTOOL__v_MERGE_$(AM_DEFAULT_VERBOSITY))'
LD='/usr/bin/ld -m elf_x86_64'
LDFLAGS=''
LIBOBJS=''
LIBS=''
LIBTOOL='$(SHELL) $(top_builddir)/libtool'
LIPO=''
LN_S='ln -s'
LTLIBOBJS=''
LT_SYS_LIBRARY_PATH=''
MAKEINFO='${SHELL} /data1/dev/cc++/1_ansi_c/authuser/github/authuser/authuser/missing makeinfo'
MANIFEST_TOOL=':'
MKDIR_P='/bin/mkdir -p'
MKINSTALLDIRS='./mkinstalldirs'
MSGFMT='/usr/bin/msgfmt'
MSGFMT_OPTS='-c'
MSGMERGE='/usr/bin/msgmerge'
NM='/usr/bin/nm -B'
NMEDIT=''
OBJDUMP='objdump'
OBJEXT='o'
OTOOL64=''
OTOOL=''
PACKAGE='authuser'
PACKAGE_BUGREPORT=''
PACKAGE_NAME='authuser'
PACKAGE_STRING='authuser 0.1'
PACKAGE_TARNAME='authuser'
PACKAGE_URL=''
PACKAGE_VERSION='0.1'
PATH_SEPARATOR=':'
POFILES=''
POSUB='po'
PO_IN_DATADIR_FALSE=''
PO_IN_DATADIR_TRUE=''
RANLIB='ranlib'
SED='/bin/sed'
SET_MAKE=''
SHELL='/bin/bash'
STRIP='strip'
USE_NLS='yes'
VERSION='0.1'
XGETTEXT='/usr/bin/xgettext'
ac_ct_AR='ar'
ac_ct_CC='gcc'
ac_ct_CXX='g++'
ac_ct_DUMPBIN=''
am__EXEEXT_FALSE=''
am__EXEEXT_TRUE='#'
am__fastdepCC_FALSE='#'
am__fastdepCC_TRUE=''
am__fastdepCXX_FALSE='#'
am__fastdepCXX_TRUE=''
am__include='include'
am__isrc=''
am__leading_dot='.'
am__nodep='_no'
am__quote=''
am__tar='$${TAR-tar} chof - "$$tardir"'
am__untar='$${TAR-tar} xf -'
bindir='${exec_prefix}/bin'
build='x86_64-unknown-linux-gnu'
build_alias=''
build_cpu='x86_64'
build_os='linux-gnu'
build_vendor='unknown'
datadir='${datarootdir}'
datarootdir='${prefix}/share'
docdir='${datarootdir}/doc/${PACKAGE_TARNAME}'
dvidir='${docdir}'
exec_prefix='${prefix}'
host='x86_64-unknown-linux-gnu'
host_alias=''
host_cpu='x86_64'
host_os='linux-gnu'
host_vendor='unknown'
htmldir='${docdir}'
includedir='${prefix}/include'
infodir='${datarootdir}/info'
install_sh='${SHELL} /data1/dev/cc++/1_ansi_c/authuser/github/authuser/authuser/install-sh'
intltool__v_merge_options_0='-q'
intltool__v_merge_options_='$(intltool__v_merge_options_$(AM_DEFAULT_VERBOSITY))'
libdir='${exec_prefix}/lib'
libexecdir='${exec_prefix}/libexec'
localedir='${datarootdir}/locale'
localstatedir='${prefix}/var'
mandir='${datarootdir}/man'
mkdir_p='$(MKDIR_P)'
oldincludedir='/usr/include'
pdfdir='${docdir}'
prefix='/usr/local'
program_transform_name='s,x,x,'
psdir='${docdir}'
runstatedir='${localstatedir}/run'
sbindir='${exec_prefix}/sbin'
sharedstatedir='${prefix}/com'
sysconfdir='${prefix}/etc'
target_alias=''

## ----------- ##
## confdefs.h. ##
## ----------- ##

/* confdefs.h */
#define PACKAGE_NAME "authuser"
#define PACKAGE_TARNAME "authuser"
#define PACKAGE_VERSION "0.1"
#define PACKAGE_STRING "authuser 0.1"
#define PACKAGE_BUGREPORT ""
#define PACKAGE_URL ""
#define PACKAGE "authuser"
#define VERSION "0.1"
#define GETTEXT_PACKAGE "authuser"
#define STDC_HEADERS 1
#define HAVE_SYS_TYPES_H 1
#define HAVE_SYS_STAT_H 1
#define HAVE_STDLIB_H 1
#define HAVE_STRING_H 1
#define HAVE_MEMORY_H 1
#define HAVE_STRINGS_H 1
#define HAVE_INTTYPES_H 1
#define HAVE_STDINT_H 1
#define HAVE_UNISTD_H 1
#define HAVE_LOCALE_H 1
#define HAVE_LC_MESSAGES 1
#define HAVE_BIND_TEXTDOMAIN_CODESET 1
#define HAVE_GETTEXT 1
#define HAVE_DCGETTEXT 1
#define ENABLE_NLS 1
#define HAVE_DLFCN_H 1
#define LT_OBJDIR ".libs/"

configure: exit 0
